<?xml version="1.0" encoding="UTF-8"?>
<!-- Generated by org.testng.reporters.JUnitReportReporter -->
<testsuite hostname="DESKTOP-QLAFB8M" failures="0" tests="1" name="nopcommerce.user.MyAccount" time="2.034" errors="0" timestamp="30 Sep 2024 08:47:41 GMT" skipped="0">
  <testcase classname="nopcommerce.user.MyAccount" name="TC_01_Update_Customer_Info" time="2.034"/>
</testsuite> <!-- nopcommerce.user.MyAccount -->
