<?xml version="1.0" encoding="UTF-8"?>
<!-- Generated by org.testng.reporters.JUnitReportReporter -->
<testsuite hostname="DESKTOP-QLAFB8M" failures="0" tests="6" name="nopcommerce.user.Register" time="10.390" errors="0" timestamp="26 Sep 2024 15:47:05 GMT" skipped="0">
  <testcase classname="nopcommerce.user.Register" name="TC_01_Empty_Data" time="1.365"/>
  <testcase classname="nopcommerce.user.Register" name="TC_05_Success_Message" time="3.211"/>
  <testcase classname="nopcommerce.user.Register" name="TC_03_Password_Less_Than_6_Characters" time="1.418"/>
  <testcase classname="nopcommerce.user.Register" name="TC_06_Existing_Email" time="1.563"/>
  <testcase classname="nopcommerce.user.Register" name="TC_04_Confirm_Password_Is_Wrong" time="1.675"/>
  <testcase classname="nopcommerce.user.Register" name="TC_02_Invalid_Email" time="1.158"/>
</testsuite> <!-- nopcommerce.user.Register -->
