<?xml version="1.0" encoding="UTF-8"?>
<!-- Generated by org.testng.reporters.JUnitReportReporter -->
<testsuite hostname="DESKTOP-QLAFB8M" failures="0" tests="7" name="nopcommerce.user.Sort_Display_Paging" time="107.011" errors="0" timestamp="16 May 2024 04:16:01 GMT" skipped="0">
  <testcase classname="nopcommerce.user.Sort_Display_Paging" name="TC_07_Display_9_Products_Per_Page" time="43.437"/>
  <testcase classname="nopcommerce.user.Sort_Display_Paging" name="TC_02_Name_Z_To_A" time="3.473"/>
  <testcase classname="nopcommerce.user.Sort_Display_Paging" name="TC_04_Price_High_To_Low" time="3.424"/>
  <testcase classname="nopcommerce.user.Sort_Display_Paging" name="TC_01_Name_A_To_Z" time="5.360"/>
  <testcase classname="nopcommerce.user.Sort_Display_Paging" name="TC_05_Display_3_Products_Per_Page" time="4.396"/>
  <testcase classname="nopcommerce.user.Sort_Display_Paging" name="TC_06_Display_6_Products_Per_Page" time="43.482"/>
  <testcase classname="nopcommerce.user.Sort_Display_Paging" name="TC_03_Price_Low_To_High" time="3.439"/>
</testsuite> <!-- nopcommerce.user.Sort_Display_Paging -->
