<?xml version="1.0" encoding="UTF-8"?>
<!-- Generated by org.testng.reporters.JUnitReportReporter -->
<testsuite hostname="DESKTOP-QLAFB8M" failures="0" tests="6" name="nopcommerce.user.Login" time="4.150" errors="0" timestamp="30 Sep 2024 08:47:41 GMT" skipped="0">
  <testcase classname="nopcommerce.user.Login" name="TC_01_Empty_Data" time="0.744"/>
  <testcase classname="nopcommerce.user.Login" name="TC_02_Invalid_Email" time="0.629"/>
  <testcase classname="nopcommerce.user.Login" name="TC_06_Success_Login" time="0.773"/>
  <testcase classname="nopcommerce.user.Login" name="TC_04_Not_Input_Password" time="0.713"/>
  <testcase classname="nopcommerce.user.Login" name="TC_05_Wrong_Password" time="0.604"/>
  <testcase classname="nopcommerce.user.Login" name="TC_03_Unregistered_Email" time="0.687"/>
</testsuite> <!-- nopcommerce.user.Login -->
